<?xml version="1.0" encoding="UTF-8"?>
<!-- Generated by org.testng.reporters.JUnitReportReporter -->
<testsuite hostname="LAPTOP-3ECM99MI" failures="0" tests="20" name="userManagement.GetUsers" time="9.904" errors="0" timestamp="2024-04-02T10:58:15 IST" skipped="0">
  <testcase classname="userManagement.GetUsers" name="validateListContainsInOrder" time="0.086"/>
  <system-out/>
  <testcase classname="userManagement.GetUsers" name="testGetUsersWithMultipleQuaryParms" time="0.107"/>
  <system-out/>
  <testcase classname="userManagement.GetUsers" name="valiadateListContainsItems" time="0.228"/>
  <system-out/>
  <testcase classname="userManagement.GetUsers" name="verifyStatusCodeDelete" time="0.420"/>
  <system-out/>
  <testcase classname="userManagement.GetUsers" name="testGetUsersWithQueryParamaters" time="2.011"/>
  <system-out/>
  <testcase classname="userManagement.GetUsers" name="validateResponseHasItems" time="0.188"/>
  <system-out/>
  <testcase classname="userManagement.GetUsers" name="valiadateSoftAssertion" time="0.149"/>
  <system-out/>
  <testcase classname="userManagement.GetUsers" name="testFetchHeaders" time="0.450"/>
  <system-out/>
  <testcase classname="userManagement.GetUsers" name="testWithTwoHeaders" time="0.071"/>
  <system-out/>
  <testcase classname="userManagement.GetUsers" name="getUserData" time="3.378"/>
  <system-out/>
  <testcase classname="userManagement.GetUsers" name="testResponseHeaders" time="0.084"/>
  <system-out/>
  <testcase classname="userManagement.GetUsers" name="testWithMapHeaders" time="0.207"/>
  <system-out/>
  <testcase classname="userManagement.GetUsers" name="valiadateWithTestDataFromPropertiesFile" time="0.075"/>
  <system-out/>
  <testcase classname="userManagement.GetUsers" name="valiadateWithTestDataFromPropertiesFile_JsonFile" time="0.170"/>
  <system-out/>
  <testcase classname="userManagement.GetUsers" name="testGetUserListWithHeaders" time="0.180"/>
  <system-out/>
  <testcase classname="userManagement.GetUsers" name="valiadateListHasSize" time="0.187"/>
  <system-out/>
  <testcase classname="userManagement.GetUsers" name="validatePostWithJsonAsFile" time="1.206"/>
  <system-out/>
  <testcase classname="userManagement.GetUsers" name="testUseCookies" time="0.112"/>
  <system-out/>
  <testcase classname="userManagement.GetUsers" name="testFetchCookies" time="0.146"/>
  <system-out/>
  <testcase classname="userManagement.GetUsers" name="valiadateResponseHasSize" time="0.449"/>
  <system-out/>
</testsuite> <!-- userManagement.GetUsers -->
