<?xml version="1.0" encoding="UTF-8"?>
<!-- Generated by org.testng.reporters.JUnitReportReporter -->
<testsuite hostname="LAPTOP-3ECM99MI" failures="0" tests="3" name="userManagement.GetPostManEcho" time="8.674" errors="0" timestamp="2024-04-02T11:03:25 IST" skipped="0">
  <testcase classname="userManagement.GetPostManEcho" name="testValidateBasicAuth" time="5.165"/>
  <system-out/>
  <testcase classname="userManagement.GetPostManEcho" name="validateWithTestDataFromJson" time="1.621"/>
  <system-out/>
  <testcase classname="userManagement.GetPostManEcho" name="testValidateDigestAuth" time="1.888"/>
  <system-out/>
</testsuite> <!-- userManagement.GetPostManEcho -->
