<?xml version="1.0" encoding="UTF-8"?>
<!-- Generated by org.testng.reporters.JUnitReportReporter -->
<testsuite hostname="LAPTOP-3ECM99MI" failures="0" tests="2" name="userManagement.GetJsonPlaceHolder" time="5.419" errors="0" timestamp="2024-04-02T11:02:49 IST" skipped="0">
  <testcase classname="userManagement.GetJsonPlaceHolder" name="validateResponseHasItems" time="0.632"/>
  <system-out/>
  <testcase classname="userManagement.GetJsonPlaceHolder" name="validateGetResponseBody" time="4.787"/>
  <system-out/>
</testsuite> <!-- userManagement.GetJsonPlaceHolder -->
